[debug] [2024-10-09T13:27:45.266Z] ----------------------------------------------------------------------
[debug] [2024-10-09T13:27:45.270Z] Command:       C:\Program Files\nodejs\node.exe C:\Users\raghu\AppData\Roaming\npm\node_modules\firebase-tools\lib\bin\firebase.js init
[debug] [2024-10-09T13:27:45.271Z] CLI Version:   13.22.0
[debug] [2024-10-09T13:27:45.271Z] Platform:      win32
[debug] [2024-10-09T13:27:45.271Z] Node Version:  v20.15.1
[debug] [2024-10-09T13:27:45.271Z] Time:          Wed Oct 09 2024 18:57:45 GMT+0530 (India Standard Time)
[debug] [2024-10-09T13:27:45.272Z] ----------------------------------------------------------------------
[debug] 
[debug] [2024-10-09T13:27:45.286Z] > command requires scopes: ["email","openid","https://www.googleapis.com/auth/cloudplatformprojects.readonly","https://www.googleapis.com/auth/firebase","https://www.googleapis.com/auth/cloud-platform"]
[debug] [2024-10-09T13:27:45.287Z] > authorizing via signed-in user (raghudbose@gmail.com)
[info] 
     ######## #### ########  ######## ########     ###     ######  ########
     ##        ##  ##     ## ##       ##     ##  ##   ##  ##       ##
     ######    ##  ########  ######   ########  #########  ######  ######
     ##        ##  ##    ##  ##       ##     ## ##     ##       ## ##
     ##       #### ##     ## ######## ########  ##     ##  ######  ########

You're about to initialize a Firebase project in this directory:

  C:\Users\raghu\Desktop\BLOG_M\client

[info] 
=== Project Setup
[info] 
[info] First, let's associate this project directory with a Firebase project.
[info] You can create multiple project aliases by running firebase use --add, 
[info] but for now we'll just set up a default project.
[info] 
[info] i  If you want to create a project in a Google Cloud organization or folder, please use "firebase projects:create" instead, and return to this command when you've created the project. 
[debug] [2024-10-09T13:28:43.508Z] Checked if tokens are valid: true, expires at: 1728483978941
[debug] [2024-10-09T13:28:43.510Z] Checked if tokens are valid: true, expires at: 1728483978941
[debug] [2024-10-09T13:28:43.514Z] >>> [apiv2][query] POST https://cloudresourcemanager.googleapis.com/v1/projects [none]
[debug] [2024-10-09T13:28:43.515Z] >>> [apiv2][body] POST https://cloudresourcemanager.googleapis.com/v1/projects {"projectId":"MERN_BLOG2","name":"     "}
[debug] [2024-10-09T13:28:45.411Z] <<< [apiv2][status] POST https://cloudresourcemanager.googleapis.com/v1/projects 400
[debug] [2024-10-09T13:28:45.412Z] <<< [apiv2][body] POST https://cloudresourcemanager.googleapis.com/v1/projects {"error":{"code":400,"message":"field [project_id] has issue [project_id contains invalid characters]","status":"INVALID_ARGUMENT","details":[{"@type":"type.googleapis.com/google.rpc.BadRequest","fieldViolations":[{"field":"project_id","description":"project_id contains invalid characters"}]},{"@type":"type.googleapis.com/google.rpc.Help","links":[{"url":"https://cloud.google.com/resource-manager/reference/rest/v1/projects"}]}]}}
[debug] [2024-10-09T13:28:45.600Z] FirebaseError: HTTP Error: 400, field [project_id] has issue [project_id contains invalid characters]
    at responseToError (C:\Users\raghu\AppData\Roaming\npm\node_modules\firebase-tools\lib\responseToError.js:49:12)
    at RetryOperation._fn (C:\Users\raghu\AppData\Roaming\npm\node_modules\firebase-tools\lib\apiv2.js:312:77)
    at process.processTicksAndRejections (node:internal/process/task_queues:95:5)
[error] 
[error] Error: Failed to create project. See firebase-debug.log for more info.
